\BOOKMARK [1][-]{section.0.1}{\376\377\000I\000n\000t\000r\000o\000d\000u\000c\000t\000i\000o\000n}{}% 1
\BOOKMARK [2][-]{subsection.0.1.1}{\376\377\000P\000r\000o\000b\000l\000e\000m\000\040\000B\000a\000c\000k\000g\000r\000o\000u\000n\000d}{section.0.1}% 2
\BOOKMARK [2][-]{subsection.0.1.2}{\376\377\000R\000e\000s\000t\000a\000t\000e\000m\000e\000n\000t\000\040\000o\000f\000\040\000t\000h\000e\000\040\000P\000r\000o\000b\000l\000e\000m}{section.0.1}% 3
\BOOKMARK [2][-]{subsection.0.1.3}{\376\377\000O\000u\000r\000\040\000W\000o\000r\000k}{section.0.1}% 4
\BOOKMARK [1][-]{section.0.2}{\376\377\000G\000e\000n\000e\000r\000a\000l\000\040\000A\000s\000s\000u\000m\000p\000t\000i\000o\000n\000s}{}% 5
\BOOKMARK [1][-]{section.0.3}{\376\377\000N\000o\000t\000a\000t\000i\000o\000n\000s}{}% 6
\BOOKMARK [1][-]{section.0.4}{\376\377\000D\000a\000t\000a}{}% 7
\BOOKMARK [2][-]{subsection.0.4.1}{\376\377\000D\000a\000t\000a\000\040\000C\000o\000l\000l\000e\000c\000t\000i\000o\000n}{section.0.4}% 8
\BOOKMARK [2][-]{subsection.0.4.2}{\376\377\000D\000a\000t\000a\000\040\000P\000r\000o\000c\000e\000s\000s\000i\000n\000g}{section.0.4}% 9
\BOOKMARK [1][-]{section.0.5}{\376\377\000M\000o\000d\000e\000l\000\040\000P\000r\000e\000p\000a\000r\000a\000t\000i\000o\000n\000\040\000I}{}% 10
\BOOKMARK [2][-]{subsection.0.5.1}{\376\377\000E\000n\000g\000i\000n\000e\000e\000r\000i\000n\000g\000\040\000o\000f\000\040\000F\000e\000a\000t\000u\000r\000e\000s}{section.0.5}% 11
\BOOKMARK [2][-]{subsection.0.5.2}{\376\377\000M\000o\000d\000e\000l\000\040\000C\000o\000n\000s\000t\000r\000u\000c\000t\000i\000o\000n}{section.0.5}% 12
\BOOKMARK [2][-]{subsection.0.5.3}{\376\377\000R\000e\000s\000u\000l\000t\000s}{section.0.5}% 13
\BOOKMARK [1][-]{section.0.6}{\376\377\000V\000o\000l\000a\000t\000i\000l\000i\000t\000y\000\040\000s\000t\000o\000c\000h\000a\000s\000t\000i\000c\000\040\000a\000s\000s\000e\000s\000s\000m\000e\000n\000t}{}% 14
\BOOKMARK [1][-]{section.0.7}{\376\377\000M\000o\000d\000e\000l\000\040\000P\000r\000e\000p\000a\000r\000a\000t\000i\000o\000n\000\040\000I\000I}{}% 15
\BOOKMARK [2][-]{subsection.0.7.1}{\376\377\000M\000o\000d\000e\000l\000\040\000C\000o\000n\000s\000t\000r\000u\000c\000t\000i\000o\000n}{section.0.7}% 16
\BOOKMARK [2][-]{subsection.0.7.2}{\376\377\000R\000e\000s\000u\000l\000t\000s}{section.0.7}% 17
\BOOKMARK [2][-]{subsection.0.7.3}{\376\377\000s\000u\000g\000g\000e\000s\000t\000i\000o\000n}{section.0.7}% 18
\BOOKMARK [1][-]{section.0.8}{\376\377\000M\000o\000d\000e\000l\000\040\000g\000e\000n\000e\000r\000a\000l\000i\000z\000a\000t\000i\000o\000n\000\040\000d\000e\000t\000e\000c\000t\000i\000o\000n}{}% 19
\BOOKMARK [1][-]{section.0.9}{\376\377\000C\000o\000n\000c\000l\000u\000s\000i\000o\000n}{}% 20
\BOOKMARK [1][-]{section.0.10}{\376\377\000R\000e\000f\000e\000r\000e\000n\000c\000e\000s}{}% 21
